Started script
Sat Jan 24 13:05:46 GMT 2026

apptainer version 1.1.3-1.el8
Running KAT comp for sample HS7_R1.fastq.gz.cor with kmer size 40
Results will be saved to: /mnt/beegfs/home/s430452/advanced_sequencing_informatics_and_genome_assembly/assignment//assembly_qc/kat/HS7_R1.fastq.gz.cor_k40
Kmer Analysis Toolkit (KAT) V2.4.2

Running KAT in COMP mode
------------------------

Input 1 is a sequence file.  Counting kmers for input 1 (/mnt/beegfs/home/s430452/advanced_sequencing_informatics_and_genome_assembly/assignment/kmer/soap_ec/kmer_17/HS7_R1.fastq.gz.cor.pair_1.fq.gz /mnt/beegfs/home/s430452/advanced_sequencing_informatics_and_genome_assembly/assignment/kmer/soap_ec/kmer_17/HS7_R2.fastq.gz.cor.pair_2.fq.gz) ... done.  Time taken: 32.4s

Input 2 is a sequence file.  Counting kmers for input 2 (/mnt/beegfs/home/s430452/advanced_sequencing_informatics_and_genome_assembly/assignment/assembly/soap_denono_2/kmer_40/HS7_R1.fastq.gz.cor/HS7_R1.fastq.gz.cor_pregraph.contig) ... done.  Time taken: 0.7s

Comparing hashes ... done.  Time taken: 5.6s

Merging results ... done.  Time taken: 0.3s

Saving results to disk ... done.  Time taken: 0.2s


Summary statistics
------------------

K-mer statistics for: 
 - Hash 1: "/mnt/beegfs/home/s430452/advanced_sequencing_informatics_and_genome_assembly/assignment/kmer/soap_ec/kmer_17/HS7_R1.fastq.gz.cor.pair_1.fq.gz"
 - Hash 2: "/mnt/beegfs/home/s430452/advanced_sequencing_informatics_and_genome_assembly/assignment/assembly/soap_denono_2/kmer_40/HS7_R1.fastq.gz.cor/HS7_R1.fastq.gz.cor_pregraph.contig"

Total K-mers in: 
 - Hash 1: 301036085
 - Hash 2: 5425297

Distinct K-mers in:
 - Hash 1: 10269822
 - Hash 2: 4937070

Total K-mers only found in:
 - Hash 1: 14283766
 - Hash 2: 8872

Distinct K-mers only found in:
 - Hash 1: 5341610
 - Hash 2: 8858

Shared K-mers:
 - Total shared found in hash 1: 286752319
 - Total shared found in hash 2: 5416425
 - Distinct shared K-mers: 4928212

Distance between spectra 1 and 2 (all k-mers):
 - Manhattan distance: 1.05129e+07
 - Euclidean distance: 3.18568e+06
 - Cosine distance: 0.233197
 - Canberra distance: 964.336
 - Jaccard distance: 0.817494

Distance between spectra 1 and 2 (shared k-mers):
 - Manhattan distance: 9.7326e+06
 - Euclidean distance: 4.88882e+06
 - Cosine distance: 0.99757
 - Canberra distance: 958.361
 - Jaccard distance: 0.993679

Creating plot(s) ...  Time taken: 0.1s

KAT COMP completed.
Total runtime: 39.4s

../lib/include/kat/pyhelper.hpp(159): Throw in function void kat::PyHelper::execute(std::__cxx11::string, int, char**)
Dynamic exception type: boost::exception_detail::clone_impl<kat::KatPythonException>
std::exception::what: std::exception
[kat::KatPythonError*] = Unexpected python error
Traceback (most recent call last):
  File "//usr/local/share/kat/scripts/kat/plot/spectra_cn.py", line 6, in <module>
    from misc import *
  File "/usr/local/share/kat/scripts/kat/plot/misc.py", line 1, in <module>
    import numpy as np
ImportError: No module named 'numpy'

During handling of the above exception, another exception occurred:

Traceback (most recent call last):
  File "//usr/local/share/kat/scripts/kat/plot/spectra_cn.py", line 8, in <module>
    from kat.plot.misc import *
  File "//usr/local/share/kat/scripts/kat/plot/misc.py", line 1, in <module>
    import numpy as np
ImportError: No module named 'numpy'
Done
Sat Jan 24 13:06:30 GMT 2026
